

Started GET "/assets/rails.png" for 127.0.0.1 at 2012-09-25 21:16:16 +0200
Connecting to database specified by database.yml
Served asset /rails.png - 304 Not Modified (2ms)


Started GET "/rails/info/properties" for 127.0.0.1 at 2012-09-25 21:26:19 +0200
Processing by Rails::InfoController#properties as */*
  Rendered inline template (15.8ms)
Completed 200 OK in 23ms (Views: 22.2ms | ActiveRecord: 0.0ms)


Started GET "/assets/rails.png" for 127.0.0.1 at 2012-09-25 21:37:33 +0200
Served asset /rails.png - 304 Not Modified (0ms)


Started GET "/" for 127.0.0.1 at 2012-09-25 21:42:36 +0200
Processing by HomeController#index as HTML
  Rendered home/index.html.erb within layouts/application (0.3ms)
Compiled home.css  (4ms)  (pid 14599)
Compiled application.css  (7ms)  (pid 14599)
Compiled jquery.js  (2ms)  (pid 14599)
Compiled jquery_ujs.js  (0ms)  (pid 14599)
Compiled home.js  (98ms)  (pid 14599)
Compiled application.js  (116ms)  (pid 14599)
Completed 200 OK in 166ms (Views: 165.8ms | ActiveRecord: 0.0ms)


Started GET "/assets/application.css?body=1" for 127.0.0.1 at 2012-09-25 21:42:36 +0200
Served asset /application.css - 200 OK (20ms)


Started GET "/assets/jquery.js?body=1" for 127.0.0.1 at 2012-09-25 21:42:36 +0200
Served asset /jquery.js - 200 OK (6ms)


Started GET "/assets/home.css?body=1" for 127.0.0.1 at 2012-09-25 21:42:36 +0200
Served asset /home.css - 200 OK (1ms)


Started GET "/assets/application.js?body=1" for 127.0.0.1 at 2012-09-25 21:42:36 +0200
Served asset /application.js - 200 OK (4ms)


Started GET "/assets/home.js?body=1" for 127.0.0.1 at 2012-09-25 21:42:36 +0200
Served asset /home.js - 200 OK (1ms)


Started GET "/assets/jquery_ujs.js?body=1" for 127.0.0.1 at 2012-09-25 21:42:36 +0200
Served asset /jquery_ujs.js - 200 OK (1ms)
Connecting to database specified by database.yml
Connecting to database specified by database.yml
  [1m[36m (0.1ms)[0m  [1mselect sqlite_version(*)[0m
  [1m[35m (6.3ms)[0m  CREATE TABLE "schema_migrations" ("version" varchar(255) NOT NULL) 
  [1m[36m (0.0ms)[0m  [1mPRAGMA index_list("schema_migrations")[0m
  [1m[35m (3.7ms)[0m  CREATE UNIQUE INDEX "unique_schema_migrations" ON "schema_migrations" ("version")
  [1m[36m (0.1ms)[0m  [1mSELECT "schema_migrations"."version" FROM "schema_migrations" [0m
Migrating to CreateFriends (20120925201636)
  [1m[35m (0.0ms)[0m  begin transaction
  [1m[36m (0.3ms)[0m  [1mCREATE TABLE "friends" ("id" INTEGER PRIMARY KEY AUTOINCREMENT NOT NULL, "name" varchar(255), "area" varchar(255), "last_contact" date, "last_meeting" date, "location_0" varchar(255), "location_1" varchar(255), "location_2" varchar(255), "next_meeting" date, "contact_interval" integer, "meeting_interval" integer, "created_at" datetime NOT NULL, "updated_at" datetime NOT NULL) [0m
  [1m[35m (0.1ms)[0m  INSERT INTO "schema_migrations" ("version") VALUES ('20120925201636')
  [1m[36m (3.6ms)[0m  [1mcommit transaction[0m
  [1m[35m (0.3ms)[0m  select sqlite_version(*)
  [1m[36m (0.1ms)[0m  [1mSELECT "schema_migrations"."version" FROM "schema_migrations" [0m
  [1m[35m (0.0ms)[0m  PRAGMA index_list("friends")


Started GET "/" for 127.0.0.1 at 2012-09-25 22:19:36 +0200
Processing by HomeController#index as HTML
  Rendered home/index.html.erb within layouts/application (0.5ms)
Compiled friends.css  (1ms)  (pid 14599)
Compiled scaffolds.css  (8ms)  (pid 14599)
Compiled application.css  (18ms)  (pid 14599)
Compiled friends.js  (91ms)  (pid 14599)
Compiled application.js  (121ms)  (pid 14599)
Completed 200 OK in 167ms (Views: 166.6ms | ActiveRecord: 0.0ms)


Started GET "/assets/friends.css?body=1" for 127.0.0.1 at 2012-09-25 22:19:36 +0200
Served asset /friends.css - 200 OK (3ms)


Started GET "/assets/application.css?body=1" for 127.0.0.1 at 2012-09-25 22:19:36 +0200
Served asset /application.css - 304 Not Modified (5ms)


Started GET "/assets/scaffolds.css?body=1" for 127.0.0.1 at 2012-09-25 22:19:36 +0200
Served asset /scaffolds.css - 200 OK (1ms)


Started GET "/assets/home.css?body=1" for 127.0.0.1 at 2012-09-25 22:19:36 +0200
Served asset /home.css - 304 Not Modified (0ms)


Started GET "/assets/friends.js?body=1" for 127.0.0.1 at 2012-09-25 22:19:36 +0200
Served asset /friends.js - 200 OK (1ms)


Started GET "/assets/jquery_ujs.js?body=1" for 127.0.0.1 at 2012-09-25 22:19:36 +0200
Served asset /jquery_ujs.js - 304 Not Modified (0ms)


Started GET "/assets/home.js?body=1" for 127.0.0.1 at 2012-09-25 22:19:36 +0200
Served asset /home.js - 304 Not Modified (0ms)


Started GET "/assets/jquery.js?body=1" for 127.0.0.1 at 2012-09-25 22:19:36 +0200
Served asset /jquery.js - 304 Not Modified (0ms)


Started GET "/assets/application.js?body=1" for 127.0.0.1 at 2012-09-25 22:19:36 +0200
Served asset /application.js - 304 Not Modified (5ms)


Started GET "/friends" for 127.0.0.1 at 2012-09-25 22:19:37 +0200
Processing by FriendsController#index as HTML
  [1m[36mFriend Load (0.1ms)[0m  [1mSELECT "friends".* FROM "friends" [0m
  Rendered friends/index.html.erb within layouts/application (1.0ms)
Completed 200 OK in 59ms (Views: 6.7ms | ActiveRecord: 0.5ms)


Started GET "/assets/jquery.js?body=1" for 127.0.0.1 at 2012-09-25 22:19:37 +0200
Served asset /jquery.js - 304 Not Modified (7ms)


Started GET "/assets/application.css?body=1" for 127.0.0.1 at 2012-09-25 22:19:37 +0200
Served asset /application.css - 304 Not Modified (0ms)


Started GET "/assets/home.js?body=1" for 127.0.0.1 at 2012-09-25 22:19:37 +0200
Served asset /home.js - 304 Not Modified (0ms)


Started GET "/assets/home.css?body=1" for 127.0.0.1 at 2012-09-25 22:19:37 +0200
Served asset /home.css - 304 Not Modified (0ms)


Started GET "/assets/jquery_ujs.js?body=1" for 127.0.0.1 at 2012-09-25 22:19:37 +0200
Served asset /jquery_ujs.js - 304 Not Modified (0ms)


Started GET "/assets/application.js?body=1" for 127.0.0.1 at 2012-09-25 22:19:37 +0200
Served asset /application.js - 304 Not Modified (1ms)
